<?xml version="1.0" encoding="UTF-8"?>
<!-- Generated by org.testng.reporters.JUnitReportReporter -->
<testsuite hostname="DESKTOP-5JLVOTP" failures="0" tests="1" name="variousConcept.AddCustomer" time="13.534" errors="0" timestamp="2023-12-30T18:40:24 EST" skipped="0">
  <testcase classname="variousConcept.AddCustomer" name="AddCustomer" time="13.534"/>
</testsuite> <!-- variousConcept.AddCustomer -->
